[4,  0]
[4,  -1]
[6,  -1]
[6,  -2]
[7,  -2]
[7,  -1]
[8,  -1]
[8,  4]
[9,  4]
[9,  -1]
[11,  -1]
[11,  -4]
[14,  -4]
[14,  0]
[18,  0]
[18,  -4]
[15,  -4]
[15,  -9]
[16,  -9]
[16,  -14]
[13,  -14]
[13,  -18]
[12,  -18]
[12,  -13]
[11,  -13]
[11,  -10]
[9,  -10]
[9,  -7]
[10,  -7]
[10,  -3]
[9,  -3]
[9,  -2]
[8,  -2]
[8,  -7]
[7,  -7]
[7,  -9]
[5,  -9]
[5,  -12]
[10,  -12]
[10,  -13]
[5,  -13]
[5,  -14]
[4,  -14]
[4,  -17]
[2,  -17]
[2,  -12]
[7,  -12]
[7,  -9]
[14,  -9]
[14,  -8]
[19,  -8]
[19,  -9]
[17,  -9]
[17,  -8]
[14,  -8]
[14,  -13]
[16,  -13]
[16,  -15]
[12,  -15]
[12,  -10]
[17,  -10]
[17,  -5]
[13,  -5]
[13,  0]
[16,  0]
[16,  4]
[20,  4]
[20,  8]
[16,  8]
[16,  13]
[12,  13]
[12,  10]
[13,  10]
[13,  14]
[14,  14]
[14,  12]
[19,  12]
[19,  9]
[23,  9]
[23,  6]
[26,  6]
[26,  11]
[27,  11]
[27,  10]
[30,  10]
[30,  8]
[29,  8]
[29,  10]
[31,  10]
[31,  14]
[36,  14]
[36,  13]
[33,  13]
[33,  15]
[31,  15]
[31,  13]
[32,  13]
[32,  11]
[33,  11]
[33,  14]
[38,  14]
[38,  13]
[34,  13]
[34,  18]
[36,  18]
[36,  16]
[32,  16]
[32,  20]
[33,  20]
[33,  23]
[37,  23]
[37,  25]
[39,  25]
[39,  24]
[36,  24]
[36,  19]
[31,  19]
[31,  21]
[36,  21]
[36,  22]
[38,  22]
[38,  18]
[39,  18]
[39,  13]
[42,  13]
[42,  16]
[43,  16]
[43,  20]
[45,  20]
[45,  22]
[46,  22]
[46,  23]
[50,  23]
[50,  20]
[52,  20]
[52,  23]
[55,  23]
[55,  25]
[56,  25]
[56,  29]
[61,  29]
[61,  30]
[66,  30]
[66,  32]
[65,  32]
[65,  27]
[67,  27]
[67,  32]
[65,  32]
[65,  28]
[67,  28]
[67,  25]